Start testing: Apr 26 12:29 CEST
----------------------------------------------------------
1/1 Testing: unit_tests
1/1 Test: unit_tests
Command: "/usr/bin/sh" "-c" "rm -f /home/konrad/Desktop/fortran/src/../tests/unit_tests.txt           && /home/konrad/Desktop/fortran/src/../bin/tests           >> /home/konrad/Desktop/fortran/src/../tests/unit_tests.txt           && less /home/konrad/Desktop/fortran/src/../tests/unit_tests.txt"
Directory: /home/konrad/Desktop/fortran
"unit_tests" start time: Apr 26 12:29 CEST
Output:
----------------------------------------------------------
 
 Test module initialized
 
    . : successful assert,   F : failed assert 
 
.F.............................
 
     Start of FRUIT summary: 
 
 Some tests failed!
 
   -- Failed assertion messages:
   [_not_set_]:Expected [-3.60000000000000], Got [-3.59999990463257]
   -- end of failed assertion messages.
 
 Total asserts :             31
 Successful    :             30
 Failed        :              1
Successful rate:    96.77%
 
 Successful asserts / total asserts : [           30 /          31  ]
 Successful cases   / total cases   : [            0 /           0  ]
   -- end of FRUIT summary
<end of output>
Test time =   0.01 sec
----------------------------------------------------------
Test Passed.
"unit_tests" end time: Apr 26 12:29 CEST
"unit_tests" time elapsed: 00:00:00
----------------------------------------------------------

End testing: Apr 26 12:29 CEST
